# JRE version: OpenJDK Runtime Environment (17.0.7) (build 17.0.7+0-b2043.56-10550314)
# Java VM: OpenJDK 64-Bit Server VM (17.0.7+0-b2043.56-10550314, mixed mode, tiered, compressed oops, compressed class ptrs, g1 gc, windows-amd64)
GC Precious Log:
 CPUs: 8 total, 8 available
 Memory: 16112M
 Large Page Support: Disabled
 NUMA Support: Disabled
 Compressed Oops: Enabled (32-bit)
 Heap Region Size: 1M
 Heap Min Capacity: 8M
 Heap Initial Capacity: 252M
 Heap Max Capacity: 2G
 Pre-touch: Disabled
 Parallel Workers: 8
 Concurrent Workers: 2
 Concurrent Refinement Workers: 8
 Periodic GC: Disabled
Heap:
 garbage-first heap   total 396288K, used 172068K [0x0000000080000000, 0x0000000100000000)
  region size 1024K, 7 young (7168K), 7 survivors (7168K)
 Metaspace       used 145189K, committed 146624K, reserved 1179648K
  class space    used 19560K, committed 20224K, reserved 1048576K
GC Heap History (20 events):
Event: 4521.831 GC heap after
{Heap after GC invocations=84 (full 1):
 garbage-first heap   total 396288K, used 130784K [0x0000000080000000, 0x0000000100000000)
  region size 1024K, 2 young (2048K), 2 survivors (2048K)
 Metaspace       used 143597K, committed 145024K, reserved 1179648K
  class space    used 19512K, committed 20160K, reserved 1048576K
}
Event: 4829.252 GC heap before
{Heap before GC invocations=84 (full 1):
 garbage-first heap   total 396288K, used 320224K [0x0000000080000000, 0x0000000100000000)
  region size 1024K, 189 young (193536K), 2 survivors (2048K)
 Metaspace       used 143966K, committed 145408K, reserved 1179648K
  class space    used 19529K, committed 20224K, reserved 1048576K
}
Event: 4829.270 GC heap after
{Heap after GC invocations=85 (full 1):
 garbage-first heap   total 396288K, used 151469K [0x0000000080000000, 0x0000000100000000)
  region size 1024K, 22 young (22528K), 22 survivors (22528K)
 Metaspace       used 143966K, committed 145408K, reserved 1179648K
  class space    used 19529K, committed 20224K, reserved 1048576K
}
Event: 4886.332 GC heap before
{Heap before GC invocations=86 (full 1):
 garbage-first heap   total 396288K, used 347053K [0x0000000080000000, 0x0000000100000000)
  region size 1024K, 183 young (187392K), 22 survivors (22528K)
 Metaspace       used 146563K, committed 147968K, reserved 1179648K
  class space    used 19708K, committed 20352K, reserved 1048576K
}
Event: 4886.352 GC heap after
{Heap after GC invocations=87 (full 1):
 garbage-first heap   total 396288K, used 152320K [0x0000000080000000, 0x0000000100000000)
  region size 1024K, 11 young (11264K), 11 survivors (11264K)
 Metaspace       used 146563K, committed 147968K, reserved 1179648K
  class space    used 19708K, committed 20352K, reserved 1048576K
}
Event: 4886.387 GC heap before
{Heap before GC invocations=87 (full 1):
 garbage-first heap   total 396288K, used 160512K [0x0000000080000000, 0x0000000100000000)
  region size 1024K, 19 young (19456K), 11 survivors (11264K)
 Metaspace       used 146567K, committed 147968K, reserved 1179648K
  class space    used 19708K, committed 20352K, reserved 1048576K
}
Event: 4886.392 GC heap after
{Heap after GC invocations=88 (full 1):
 garbage-first heap   total 396288K, used 151243K [0x0000000080000000, 0x0000000100000000)
  region size 1024K, 3 young (3072K), 3 survivors (3072K)
 Metaspace       used 146567K, committed 147968K, reserved 1179648K
  class space    used 19708K, committed 20352K, reserved 1048576K
}
Event: 6711.481 GC heap before
{Heap before GC invocations=88 (full 1):
 garbage-first heap   total 396288K, used 316107K [0x0000000080000000, 0x0000000100000000)
  region size 1024K, 165 young (168960K), 3 survivors (3072K)
 Metaspace       used 146739K, committed 148096K, reserved 1179648K
  class space    used 19709K, committed 20352K, reserved 1048576K
}
Event: 6711.518 GC heap after
{Heap after GC invocations=89 (full 1):
 garbage-first heap   total 396288K, used 151847K [0x0000000080000000, 0x0000000100000000)
  region size 1024K, 3 young (3072K), 3 survivors (3072K)
 Metaspace       used 146739K, committed 148096K, reserved 1179648K
  class space    used 19709K, committed 20352K, reserved 1048576K
}
Event: 7112.066 GC heap before
{Heap before GC invocations=90 (full 1):
 garbage-first heap   total 396288K, used 312615K [0x0000000080000000, 0x0000000100000000)
  region size 1024K, 170 young (174080K), 3 survivors (3072K)
 Metaspace       used 144928K, committed 146752K, reserved 1179648K
  class space    used 19555K, committed 20352K, reserved 1048576K
}
Event: 7112.100 GC heap after
{Heap after GC invocations=91 (full 1):
 garbage-first heap   total 396288K, used 169563K [0x0000000080000000, 0x0000000100000000)
  region size 1024K, 22 young (22528K), 22 survivors (22528K)
 Metaspace       used 144928K, committed 146752K, reserved 1179648K
  class space    used 19555K, committed 20352K, reserved 1048576K
}
Event: 7112.106 GC heap before
{Heap before GC invocations=91 (full 1):
 garbage-first heap   total 396288K, used 170587K [0x0000000080000000, 0x0000000100000000)
  region size 1024K, 23 young (23552K), 22 survivors (22528K)
 Metaspace       used 144928K, committed 146752K, reserved 1179648K
  class space    used 19555K, committed 20352K, reserved 1048576K
}
Event: 7112.137 GC heap after
{Heap after GC invocations=92 (full 1):
 garbage-first heap   total 396288K, used 168351K [0x0000000080000000, 0x0000000100000000)
  region size 1024K, 3 young (3072K), 3 survivors (3072K)
 Metaspace       used 144928K, committed 146752K, reserved 1179648K
  class space    used 19555K, committed 20352K, reserved 1048576K
}
Event: 7112.158 GC heap before
{Heap before GC invocations=92 (full 1):
 garbage-first heap   total 396288K, used 172447K [0x0000000080000000, 0x0000000100000000)
  region size 1024K, 9 young (9216K), 3 survivors (3072K)
 Metaspace       used 145251K, committed 146816K, reserved 1179648K
  class space    used 19569K, committed 20352K, reserved 1048576K
}
Event: 7112.160 GC heap after
{Heap after GC invocations=93 (full 1):
 garbage-first heap   total 396288K, used 167790K [0x0000000080000000, 0x0000000100000000)
  region size 1024K, 2 young (2048K), 2 survivors (2048K)
 Metaspace       used 145251K, committed 146816K, reserved 1179648K
  class space    used 19569K, committed 20352K, reserved 1048576K
}
Event: 7210.105 GC heap before
{Heap before GC invocations=94 (full 1):
 garbage-first heap   total 396288K, used 323438K [0x0000000080000000, 0x0000000100000000)
  region size 1024K, 128 young (131072K), 2 survivors (2048K)
 Metaspace       used 145071K, committed 146496K, reserved 1179648K
  class space    used 19545K, committed 20224K, reserved 1048576K
}
Event: 7210.118 GC heap after
{Heap after GC invocations=95 (full 1):
 garbage-first heap   total 396288K, used 169105K [0x0000000080000000, 0x0000000100000000)
  region size 1024K, 12 young (12288K), 12 survivors (12288K)
 Metaspace       used 145071K, committed 146496K, reserved 1179648K
  class space    used 19545K, committed 20224K, reserved 1048576K
}
Event: 7210.154 GC heap before
{Heap before GC invocations=95 (full 1):
 garbage-first heap   total 396288K, used 176273K [0x0000000080000000, 0x0000000100000000)
  region size 1024K, 19 young (19456K), 12 survivors (12288K)
 Metaspace       used 145073K, committed 146496K, reserved 1179648K
  class space    used 19545K, committed 20224K, reserved 1048576K
}
Event: 7210.164 GC heap after
{Heap after GC invocations=96 (full 1):
 garbage-first heap   total 396288K, used 166799K [0x0000000080000000, 0x0000000100000000)
  region size 1024K, 2 young (2048K), 2 survivors (2048K)
 Metaspace       used 145073K, committed 146496K, reserved 1179648K
  class space    used 19545K, committed 20224K, reserved 1048576K
}
Event: 7210.944 GC heap before
{Heap before GC invocations=96 (full 1):
 garbage-first heap   total 396288K, used 210831K [0x0000000080000000, 0x0000000100000000)
  region size 1024K, 47 young (48128K), 2 survivors (2048K)
 Metaspace       used 145189K, committed 146624K, reserved 1179648K
  class space    used 19560K, committed 20224K, reserved 1048576K
}

