# JRE version: OpenJDK Runtime Environment (17.0.7) (build 17.0.7+0-b2043.56-10550314)
# Java VM: OpenJDK 64-Bit Server VM (17.0.7+0-b2043.56-10550314, mixed mode, tiered, compressed oops, compressed class ptrs, g1 gc, windows-amd64)
GC Precious Log:
 CPUs: 8 total, 8 available
 Memory: 16112M
 Large Page Support: Disabled
 NUMA Support: Disabled
 Compressed Oops: Enabled (32-bit)
 Heap Region Size: 1M
 Heap Min Capacity: 8M
 Heap Initial Capacity: 252M
 Heap Max Capacity: 2G
 Pre-touch: Disabled
 Parallel Workers: 8
 Concurrent Workers: 2
 Concurrent Refinement Workers: 8
 Periodic GC: Disabled
Heap:
 garbage-first heap   total 366592K, used 167155K [0x0000000080000000, 0x0000000100000000)
  region size 1024K, 3 young (3072K), 3 survivors (3072K)
 Metaspace       used 166314K, committed 167488K, reserved 1245184K
  class space    used 21547K, committed 22080K, reserved 1048576K
GC Heap History (20 events):
Event: 905.386 GC heap after
{Heap after GC invocations=65 (full 0):
 garbage-first heap   total 355328K, used 188583K [0x0000000080000000, 0x0000000100000000)
  region size 1024K, 6 young (6144K), 6 survivors (6144K)
 Metaspace       used 162567K, committed 163648K, reserved 1245184K
  class space    used 21311K, committed 21824K, reserved 1048576K
}
Event: 905.465 GC heap before
{Heap before GC invocations=65 (full 0):
 garbage-first heap   total 355328K, used 198823K [0x0000000080000000, 0x0000000100000000)
  region size 1024K, 17 young (17408K), 6 survivors (6144K)
 Metaspace       used 162646K, committed 163712K, reserved 1245184K
  class space    used 21311K, committed 21824K, reserved 1048576K
}
Event: 905.470 GC heap after
{Heap after GC invocations=66 (full 0):
 garbage-first heap   total 355328K, used 169444K [0x0000000080000000, 0x0000000100000000)
  region size 1024K, 1 young (1024K), 1 survivors (1024K)
 Metaspace       used 162646K, committed 163712K, reserved 1245184K
  class space    used 21311K, committed 21824K, reserved 1048576K
}
Event: 938.851 GC heap before
{Heap before GC invocations=66 (full 0):
 garbage-first heap   total 355328K, used 315876K [0x0000000080000000, 0x0000000100000000)
  region size 1024K, 112 young (114688K), 1 survivors (1024K)
 Metaspace       used 163038K, committed 164160K, reserved 1245184K
  class space    used 21350K, committed 21888K, reserved 1048576K
}
Event: 938.858 GC heap after
{Heap after GC invocations=67 (full 0):
 garbage-first heap   total 355328K, used 179095K [0x0000000080000000, 0x0000000100000000)
  region size 1024K, 11 young (11264K), 11 survivors (11264K)
 Metaspace       used 163038K, committed 164160K, reserved 1245184K
  class space    used 21350K, committed 21888K, reserved 1048576K
}
Event: 973.891 GC heap before
{Heap before GC invocations=67 (full 0):
 garbage-first heap   total 355328K, used 284567K [0x0000000080000000, 0x0000000100000000)
  region size 1024K, 115 young (117760K), 11 survivors (11264K)
 Metaspace       used 163334K, committed 164480K, reserved 1245184K
  class space    used 21359K, committed 21888K, reserved 1048576K
}
Event: 973.906 GC heap after
{Heap after GC invocations=68 (full 0):
 garbage-first heap   total 355328K, used 189262K [0x0000000080000000, 0x0000000100000000)
  region size 1024K, 11 young (11264K), 11 survivors (11264K)
 Metaspace       used 163334K, committed 164480K, reserved 1245184K
  class space    used 21359K, committed 21888K, reserved 1048576K
}
Event: 975.065 GC heap before
{Heap before GC invocations=68 (full 0):
 garbage-first heap   total 355328K, used 290638K [0x0000000080000000, 0x0000000100000000)
  region size 1024K, 107 young (109568K), 11 survivors (11264K)
 Metaspace       used 165721K, committed 166912K, reserved 1245184K
  class space    used 21530K, committed 22080K, reserved 1048576K
}
Event: 975.072 GC heap after
{Heap after GC invocations=69 (full 0):
 garbage-first heap   total 355328K, used 194686K [0x0000000080000000, 0x0000000100000000)
  region size 1024K, 4 young (4096K), 4 survivors (4096K)
 Metaspace       used 165721K, committed 166912K, reserved 1245184K
  class space    used 21530K, committed 22080K, reserved 1048576K
}
Event: 975.155 GC heap before
{Heap before GC invocations=69 (full 0):
 garbage-first heap   total 355328K, used 229502K [0x0000000080000000, 0x0000000100000000)
  region size 1024K, 16 young (16384K), 4 survivors (4096K)
 Metaspace       used 165762K, committed 166912K, reserved 1245184K
  class space    used 21532K, committed 22080K, reserved 1048576K
}
Event: 975.158 GC heap after
{Heap after GC invocations=70 (full 0):
 garbage-first heap   total 355328K, used 215532K [0x0000000080000000, 0x0000000100000000)
  region size 1024K, 3 young (3072K), 3 survivors (3072K)
 Metaspace       used 165762K, committed 166912K, reserved 1245184K
  class space    used 21532K, committed 22080K, reserved 1048576K
}
Event: 975.160 GC heap before
{Heap before GC invocations=70 (full 0):
 garbage-first heap   total 355328K, used 217580K [0x0000000080000000, 0x0000000100000000)
  region size 1024K, 4 young (4096K), 3 survivors (3072K)
 Metaspace       used 165762K, committed 166912K, reserved 1245184K
  class space    used 21532K, committed 22080K, reserved 1048576K
}
Event: 975.162 GC heap after
{Heap after GC invocations=71 (full 0):
 garbage-first heap   total 355328K, used 215347K [0x0000000080000000, 0x0000000100000000)
  region size 1024K, 3 young (3072K), 3 survivors (3072K)
 Metaspace       used 165762K, committed 166912K, reserved 1245184K
  class space    used 21532K, committed 22080K, reserved 1048576K
}
Event: 975.163 GC heap before
{Heap before GC invocations=71 (full 0):
 garbage-first heap   total 355328K, used 217395K [0x0000000080000000, 0x0000000100000000)
  region size 1024K, 4 young (4096K), 3 survivors (3072K)
 Metaspace       used 165762K, committed 166912K, reserved 1245184K
  class space    used 21532K, committed 22080K, reserved 1048576K
}
Event: 975.165 GC heap after
{Heap after GC invocations=72 (full 0):
 garbage-first heap   total 355328K, used 217271K [0x0000000080000000, 0x0000000100000000)
  region size 1024K, 2 young (2048K), 2 survivors (2048K)
 Metaspace       used 165762K, committed 166912K, reserved 1245184K
  class space    used 21532K, committed 22080K, reserved 1048576K
}
Event: 1043.672 GC heap before
{Heap before GC invocations=73 (full 0):
 garbage-first heap   total 362496K, used 295095K [0x0000000080000000, 0x0000000100000000)
  region size 1024K, 84 young (86016K), 2 survivors (2048K)
 Metaspace       used 166024K, committed 167168K, reserved 1245184K
  class space    used 21543K, committed 22080K, reserved 1048576K
}
Event: 1043.680 GC heap after
{Heap after GC invocations=74 (full 0):
 garbage-first heap   total 362496K, used 187193K [0x0000000080000000, 0x0000000100000000)
  region size 1024K, 10 young (10240K), 10 survivors (10240K)
 Metaspace       used 166024K, committed 167168K, reserved 1245184K
  class space    used 21543K, committed 22080K, reserved 1048576K
}
Event: 1043.722 GC heap before
{Heap before GC invocations=74 (full 0):
 garbage-first heap   total 362496K, used 193337K [0x0000000080000000, 0x0000000100000000)
  region size 1024K, 17 young (17408K), 10 survivors (10240K)
 Metaspace       used 166053K, committed 167232K, reserved 1245184K
  class space    used 21545K, committed 22080K, reserved 1048576K
}
Event: 1043.738 GC heap after
{Heap after GC invocations=75 (full 0):
 garbage-first heap   total 362496K, used 166309K [0x0000000080000000, 0x0000000100000000)
  region size 1024K, 2 young (2048K), 2 survivors (2048K)
 Metaspace       used 166053K, committed 167232K, reserved 1245184K
  class space    used 21545K, committed 22080K, reserved 1048576K
}
Event: 1101.800 GC heap before
{Heap before GC invocations=75 (full 0):
 garbage-first heap   total 362496K, used 298405K [0x0000000080000000, 0x0000000100000000)
  region size 1024K, 131 young (134144K), 2 survivors (2048K)
 Metaspace       used 166314K, committed 167488K, reserved 1245184K
  class space    used 21547K, committed 22080K, reserved 1048576K
}

