# JRE version: OpenJDK Runtime Environment (17.0.7) (build 17.0.7+0-b2043.56-10550314)
# Java VM: OpenJDK 64-Bit Server VM (17.0.7+0-b2043.56-10550314, mixed mode, tiered, compressed oops, compressed class ptrs, g1 gc, windows-amd64)
GC Precious Log:
 CPUs: 8 total, 8 available
 Memory: 16112M
 Large Page Support: Disabled
 NUMA Support: Disabled
 Compressed Oops: Enabled (32-bit)
 Heap Region Size: 1M
 Heap Min Capacity: 8M
 Heap Initial Capacity: 252M
 Heap Max Capacity: 2G
 Pre-touch: Disabled
 Parallel Workers: 8
 Concurrent Workers: 2
 Concurrent Refinement Workers: 8
 Periodic GC: Disabled
Heap:
 garbage-first heap   total 430080K, used 286991K [0x0000000080000000, 0x0000000100000000)
  region size 1024K, 152 young (155648K), 8 survivors (8192K)
 Metaspace       used 126134K, committed 127040K, reserved 1179648K
  class space    used 17063K, committed 17536K, reserved 1048576K
GC Heap History (20 events):
Event: 13.668 GC heap before
{Heap before GC invocations=39 (full 0):
 garbage-first heap   total 183296K, used 151860K [0x0000000080000000, 0x0000000100000000)
  region size 1024K, 56 young (57344K), 2 survivors (2048K)
 Metaspace       used 103171K, committed 103936K, reserved 1179648K
  class space    used 14257K, committed 14592K, reserved 1048576K
}
Event: 13.674 GC heap after
{Heap after GC invocations=40 (full 0):
 garbage-first heap   total 183296K, used 103600K [0x0000000080000000, 0x0000000100000000)
  region size 1024K, 7 young (7168K), 7 survivors (7168K)
 Metaspace       used 103171K, committed 103936K, reserved 1179648K
  class space    used 14257K, committed 14592K, reserved 1048576K
}
Event: 14.031 GC heap before
{Heap before GC invocations=41 (full 0):
 garbage-first heap   total 191488K, used 148656K [0x0000000080000000, 0x0000000100000000)
  region size 1024K, 52 young (53248K), 7 survivors (7168K)
 Metaspace       used 103690K, committed 104384K, reserved 1179648K
  class space    used 14354K, committed 14720K, reserved 1048576K
}
Event: 14.038 GC heap after
{Heap after GC invocations=42 (full 0):
 garbage-first heap   total 191488K, used 107706K [0x0000000080000000, 0x0000000100000000)
  region size 1024K, 4 young (4096K), 4 survivors (4096K)
 Metaspace       used 103690K, committed 104384K, reserved 1179648K
  class space    used 14354K, committed 14720K, reserved 1048576K
}
Event: 14.073 GC heap before
{Heap before GC invocations=42 (full 0):
 garbage-first heap   total 191488K, used 111802K [0x0000000080000000, 0x0000000100000000)
  region size 1024K, 9 young (9216K), 4 survivors (4096K)
 Metaspace       used 103737K, committed 104448K, reserved 1179648K
  class space    used 14356K, committed 14720K, reserved 1048576K
}
Event: 14.078 GC heap after
{Heap after GC invocations=43 (full 0):
 garbage-first heap   total 191488K, used 107951K [0x0000000080000000, 0x0000000100000000)
  region size 1024K, 1 young (1024K), 1 survivors (1024K)
 Metaspace       used 103737K, committed 104448K, reserved 1179648K
  class space    used 14356K, committed 14720K, reserved 1048576K
}
Event: 14.181 GC heap before
{Heap before GC invocations=43 (full 0):
 garbage-first heap   total 191488K, used 122287K [0x0000000080000000, 0x0000000100000000)
  region size 1024K, 17 young (17408K), 1 survivors (1024K)
 Metaspace       used 104086K, committed 104768K, reserved 1179648K
  class space    used 14404K, committed 14720K, reserved 1048576K
}
Event: 14.183 GC heap after
{Heap after GC invocations=44 (full 0):
 garbage-first heap   total 191488K, used 109215K [0x0000000080000000, 0x0000000100000000)
  region size 1024K, 3 young (3072K), 3 survivors (3072K)
 Metaspace       used 104086K, committed 104768K, reserved 1179648K
  class space    used 14404K, committed 14720K, reserved 1048576K
}
Event: 14.889 GC heap before
{Heap before GC invocations=45 (full 0):
 garbage-first heap   total 203776K, used 165535K [0x0000000080000000, 0x0000000100000000)
  region size 1024K, 51 young (52224K), 3 survivors (3072K)
 Metaspace       used 107406K, committed 108096K, reserved 1179648K
  class space    used 14771K, committed 15104K, reserved 1048576K
}
Event: 14.902 GC heap after
{Heap after GC invocations=46 (full 0):
 garbage-first heap   total 203776K, used 129673K [0x0000000080000000, 0x0000000100000000)
  region size 1024K, 7 young (7168K), 7 survivors (7168K)
 Metaspace       used 107406K, committed 108096K, reserved 1179648K
  class space    used 14771K, committed 15104K, reserved 1048576K
}
Event: 14.939 GC heap before
{Heap before GC invocations=46 (full 0):
 garbage-first heap   total 203776K, used 131721K [0x0000000080000000, 0x0000000100000000)
  region size 1024K, 9 young (9216K), 7 survivors (7168K)
 Metaspace       used 107449K, committed 108160K, reserved 1179648K
  class space    used 14775K, committed 15104K, reserved 1048576K
}
Event: 14.949 GC heap after
{Heap after GC invocations=47 (full 0):
 garbage-first heap   total 430080K, used 132088K [0x0000000080000000, 0x0000000100000000)
  region size 1024K, 2 young (2048K), 2 survivors (2048K)
 Metaspace       used 107449K, committed 108160K, reserved 1179648K
  class space    used 14775K, committed 15104K, reserved 1048576K
}
Event: 16.023 GC heap before
{Heap before GC invocations=47 (full 0):
 garbage-first heap   total 430080K, used 164856K [0x0000000080000000, 0x0000000100000000)
  region size 1024K, 36 young (36864K), 2 survivors (2048K)
 Metaspace       used 108027K, committed 108736K, reserved 1179648K
  class space    used 14830K, committed 15168K, reserved 1048576K
}
Event: 16.038 GC heap after
{Heap after GC invocations=48 (full 0):
 garbage-first heap   total 430080K, used 142488K [0x0000000080000000, 0x0000000100000000)
  region size 1024K, 13 young (13312K), 13 survivors (13312K)
 Metaspace       used 108027K, committed 108736K, reserved 1179648K
  class space    used 14830K, committed 15168K, reserved 1048576K
}
Event: 18.207 GC heap before
{Heap before GC invocations=49 (full 0):
 garbage-first heap   total 430080K, used 356504K [0x0000000080000000, 0x0000000100000000)
  region size 1024K, 195 young (199680K), 13 survivors (13312K)
 Metaspace       used 111568K, committed 112384K, reserved 1179648K
  class space    used 15204K, committed 15616K, reserved 1048576K
}
Event: 18.225 GC heap after
{Heap after GC invocations=50 (full 0):
 garbage-first heap   total 430080K, used 147920K [0x0000000080000000, 0x0000000100000000)
  region size 1024K, 18 young (18432K), 18 survivors (18432K)
 Metaspace       used 111568K, committed 112384K, reserved 1179648K
  class space    used 15204K, committed 15616K, reserved 1048576K
}
Event: 18.293 GC heap before
{Heap before GC invocations=50 (full 0):
 garbage-first heap   total 430080K, used 149968K [0x0000000080000000, 0x0000000100000000)
  region size 1024K, 21 young (21504K), 18 survivors (18432K)
 Metaspace       used 111568K, committed 112384K, reserved 1179648K
  class space    used 15204K, committed 15616K, reserved 1048576K
}
Event: 18.305 GC heap after
{Heap after GC invocations=51 (full 0):
 garbage-first heap   total 430080K, used 148933K [0x0000000080000000, 0x0000000100000000)
  region size 1024K, 3 young (3072K), 3 survivors (3072K)
 Metaspace       used 111568K, committed 112384K, reserved 1179648K
  class space    used 15204K, committed 15616K, reserved 1048576K
}
Event: 25.044 GC heap before
{Heap before GC invocations=51 (full 0):
 garbage-first heap   total 430080K, used 326085K [0x0000000080000000, 0x0000000100000000)
  region size 1024K, 177 young (181248K), 3 survivors (3072K)
 Metaspace       used 115622K, committed 116416K, reserved 1179648K
  class space    used 15674K, committed 16064K, reserved 1048576K
}
Event: 25.052 GC heap after
{Heap after GC invocations=52 (full 0):
 garbage-first heap   total 430080K, used 153871K [0x0000000080000000, 0x0000000100000000)
  region size 1024K, 8 young (8192K), 8 survivors (8192K)
 Metaspace       used 115622K, committed 116416K, reserved 1179648K
  class space    used 15674K, committed 16064K, reserved 1048576K
}

